<?xml version="1.0" encoding="UTF-8"?>
<!-- Generated by org.testng.reporters.JUnitReportReporter -->
<testsuite hostname="DESKTOP-G15MSIG" failures="0" tests="1" name="com.training.sanity.tests.LoginTests" time="16.229" errors="0" timestamp="30 Jun 2019 13:51:08 GMT" skipped="0">
  <testcase classname="com.training.sanity.tests.LoginTests" name="validLoginTest" time="16.229"/>
</testsuite> <!-- com.training.sanity.tests.LoginTests -->
