<?xml version="1.0" encoding="UTF-8"?>
<!-- Generated by org.testng.reporters.JUnitReportReporter -->
<testsuite hostname="DESKTOP-G15MSIG" failures="0" tests="1" name="com.training.sanity.tests.RETC_011_LoginTests" time="34.071" errors="0" timestamp="05 Jul 2019 13:27:59 GMT" skipped="0">
  <testcase classname="com.training.sanity.tests.RETC_011_LoginTests" name="validLoginTest" time="34.071"/>
</testsuite> <!-- com.training.sanity.tests.RETC_011_LoginTests -->
